<?xml version="1.0" encoding="UTF-8"?>
<!-- Generated by org.testng.reporters.JUnitReportReporter -->
<testsuite hostname="ActiveMac03s-iMac.local" failures="0" tests="9" name="DataDrivenTesting.DataDrivenAddUser_DataProvider" time="10.933" errors="0" timestamp="2022-02-07T18:34:19 IST" skipped="0">
  <testcase classname="DataDrivenTesting.DataDrivenAddUser_DataProvider" name="PostNewEmployee" time="1.020"/>
  <system-out/>
  <testcase classname="DataDrivenTesting.DataDrivenAddUser_DataProvider" name="PostNewEmployee" time="0.631"/>
  <system-out/>
  <testcase classname="DataDrivenTesting.DataDrivenAddUser_DataProvider" name="PostNewEmployee" time="0.410"/>
  <system-out/>
  <testcase classname="DataDrivenTesting.DataDrivenAddUser_DataProvider" name="PostNewEmployee" time="0.441"/>
  <system-out/>
  <testcase classname="DataDrivenTesting.DataDrivenAddUser_DataProvider" name="PostNewEmployee" time="0.446"/>
  <system-out/>
  <testcase classname="DataDrivenTesting.DataDrivenAddUser_DataProvider" name="PostNewEmployee" time="0.421"/>
  <system-out/>
  <testcase classname="DataDrivenTesting.DataDrivenAddUser_DataProvider" name="PostNewEmployee" time="6.714"/>
  <system-out/>
  <testcase classname="DataDrivenTesting.DataDrivenAddUser_DataProvider" name="PostNewEmployee" time="0.404"/>
  <system-out/>
  <testcase classname="DataDrivenTesting.DataDrivenAddUser_DataProvider" name="PostNewEmployee" time="0.446"/>
  <system-out/>
</testsuite> <!-- DataDrivenTesting.DataDrivenAddUser_DataProvider -->
