<?xml version="1.0" encoding="UTF-8"?>
<!-- Generated by org.testng.reporters.JUnitReportReporter -->
<testsuite skipped="0" hostname="mahajan" name="TC002_POST_Request" tests="1" failures="0" timestamp="2022-02-01T11:41:27 IST" time="3.342" errors="0">
  <testcase name="RegistrationSuccessful" time="3.342" classname="TC002_POST_Request"/>
  <system-out/>
</testsuite> <!-- TC002_POST_Request -->
