<?xml version="1.0" encoding="UTF-8"?>
<!-- Generated by org.testng.reporters.JUnitReportReporter -->
<testsuite hostname="ActiveMac03s-iMac.local" failures="0" tests="1" name="TC002_POST_Request" time="5.204" errors="0" timestamp="2022-02-04T10:55:23 IST" skipped="0">
  <testcase classname="TC002_POST_Request" name="RegistrationSuccessful" time="5.204"/>
  <system-out/>
</testsuite> <!-- TC002_POST_Request -->
