<?xml version="1.0" encoding="UTF-8"?>
<!-- Generated by org.testng.reporters.JUnitReportReporter -->
<testsuite hostname="ActiveMac03s-iMac.local" failures="0" tests="1" name="DataDrivenTesting.DataDriven_AddNewUser" time="4.071" errors="0" timestamp="2022-02-04T15:27:25 IST" skipped="0">
  <testcase classname="DataDrivenTesting.DataDriven_AddNewUser" name="PostNewEmployee" time="4.071"/>
  <system-out/>
</testsuite> <!-- DataDrivenTesting.DataDriven_AddNewUser -->
