<?xml version="1.0" encoding="UTF-8"?>
<!-- Generated by org.testng.reporters.JUnitReportReporter -->
<testsuite hostname="ActiveMac03s-iMac.local" failures="0" tests="3" name="DataDrivenTesting.DataDrivenAddUser_DataProvider" time="4.721" errors="0" timestamp="2022-02-04T16:02:59 IST" skipped="0">
  <testcase classname="DataDrivenTesting.DataDrivenAddUser_DataProvider" name="PostNewEmployee" time="3.296"/>
  <system-out/>
  <testcase classname="DataDrivenTesting.DataDrivenAddUser_DataProvider" name="PostNewEmployee" time="0.489"/>
  <system-out/>
  <testcase classname="DataDrivenTesting.DataDrivenAddUser_DataProvider" name="PostNewEmployee" time="0.936"/>
  <system-out/>
</testsuite> <!-- DataDrivenTesting.DataDrivenAddUser_DataProvider -->
