<?xml version="1.0" encoding="UTF-8"?>
<!-- Generated by org.testng.reporters.JUnitReportReporter -->
<testsuite hostname="ActiveMac03s-iMac.local" failures="0" tests="1" name="TC001_GET_Request" time="3.099" errors="0" timestamp="2022-02-04T10:54:41 IST" skipped="0">
  <testcase classname="TC001_GET_Request" name="getUserDetails" time="3.099"/>
  <system-out/>
</testsuite> <!-- TC001_GET_Request -->
