<?xml version="1.0" encoding="UTF-8"?>
<!-- Generated by org.testng.reporters.JUnitReportReporter -->
<testsuite skipped="0" hostname="mahajan" name="TC001_GET_Request" tests="1" failures="0" timestamp="2022-02-01T11:30:13 IST" time="2.824" errors="0">
  <testcase name="getweatherDetails" time="2.824" classname="TC001_GET_Request"/>
  <system-out/>
</testsuite> <!-- TC001_GET_Request -->
